The system is: Linux - 4.4.0-104-generic - x86_64
Compiling the C compiler identification source file "CMakeCCompilerId.c" succeeded.
Compiler: /usr/bin/cc 
Build flags: 
Id flags: 

The output was:
0


Compilation of the C compiler identification source "CMakeCCompilerId.c" produced "a.out"

The C compiler identification is GNU, found in "/home/cs104/cs104/homework-submission/hw-wisnia/hw2/hw2-check/CMakeFiles/3.5.1/CompilerIdC/a.out"

Compiling the CXX compiler identification source file "CMakeCXXCompilerId.cpp" succeeded.
Compiler: /usr/bin/c++ 
Build flags: 
Id flags: 

The output was:
0


Compilation of the CXX compiler identification source "CMakeCXXCompilerId.cpp" produced "a.out"

The CXX compiler identification is GNU, found in "/home/cs104/cs104/homework-submission/hw-wisnia/hw2/hw2-check/CMakeFiles/3.5.1/CompilerIdCXX/a.out"

Determining if the C compiler works passed with the following output:
Change Dir: /home/cs104/cs104/homework-submission/hw-wisnia/hw2/hw2-check/CMakeFiles/CMakeTmp

Run Build Command:"/usr/bin/make" "cmTC_ffece/fast"
/usr/bin/make -f CMakeFiles/cmTC_ffece.dir/build.make CMakeFiles/cmTC_ffece.dir/build
make[1]: Entering directory '/home/cs104/cs104/homework-submission/hw-wisnia/hw2/hw2-check/CMakeFiles/CMakeTmp'
Building C object CMakeFiles/cmTC_ffece.dir/testCCompiler.c.o
/usr/bin/cc     -o CMakeFiles/cmTC_ffece.dir/testCCompiler.c.o   -c /home/cs104/cs104/homework-submission/hw-wisnia/hw2/hw2-check/CMakeFiles/CMakeTmp/testCCompiler.c
Linking C executable cmTC_ffece
/usr/bin/cmake -E cmake_link_script CMakeFiles/cmTC_ffece.dir/link.txt --verbose=1
/usr/bin/cc       CMakeFiles/cmTC_ffece.dir/testCCompiler.c.o  -o cmTC_ffece -rdynamic 
make[1]: Leaving directory '/home/cs104/cs104/homework-submission/hw-wisnia/hw2/hw2-check/CMakeFiles/CMakeTmp'


Detecting C compiler ABI info compiled with the following output:
Change Dir: /home/cs104/cs104/homework-submission/hw-wisnia/hw2/hw2-check/CMakeFiles/CMakeTmp

Run Build Command:"/usr/bin/make" "cmTC_bda7d/fast"
/usr/bin/make -f CMakeFiles/cmTC_bda7d.dir/build.make CMakeFiles/cmTC_bda7d.dir/build
make[1]: Entering directory '/home/cs104/cs104/homework-submission/hw-wisnia/hw2/hw2-check/CMakeFiles/CMakeTmp'
Building C object CMakeFiles/cmTC_bda7d.dir/CMakeCCompilerABI.c.o
/usr/bin/cc     -o CMakeFiles/cmTC_bda7d.dir/CMakeCCompilerABI.c.o   -c /usr/share/cmake-3.5/Modules/CMakeCCompilerABI.c
Linking C executable cmTC_bda7d
/usr/bin/cmake -E cmake_link_script CMakeFiles/cmTC_bda7d.dir/link.txt --verbose=1
/usr/bin/cc      -v CMakeFiles/cmTC_bda7d.dir/CMakeCCompilerABI.c.o  -o cmTC_bda7d -rdynamic  
Using built-in specs.
COLLECT_GCC=/usr/bin/cc
COLLECT_LTO_WRAPPER=/usr/lib/gcc/x86_64-linux-gnu/5/lto-wrapper
Target: x86_64-linux-gnu
Configured with: ../src/configure -v --with-pkgversion='Ubuntu 5.4.0-6ubuntu1~16.04.10' --with-bugurl=file:///usr/share/doc/gcc-5/README.Bugs --enable-languages=c,ada,c++,java,go,d,fortran,objc,obj-c++ --prefix=/usr --program-suffix=-5 --enable-shared --enable-linker-build-id --libexecdir=/usr/lib --without-included-gettext --enable-threads=posix --libdir=/usr/lib --enable-nls --with-sysroot=/ --enable-clocale=gnu --enable-libstdcxx-debug --enable-libstdcxx-time=yes --with-default-libstdcxx-abi=new --enable-gnu-unique-object --disable-vtable-verify --enable-libmpx --enable-plugin --with-system-zlib --disable-browser-plugin --enable-java-awt=gtk --enable-gtk-cairo --with-java-home=/usr/lib/jvm/java-1.5.0-gcj-5-amd64/jre --enable-java-home --with-jvm-root-dir=/usr/lib/jvm/java-1.5.0-gcj-5-amd64 --with-jvm-jar-dir=/usr/lib/jvm-exports/java-1.5.0-gcj-5-amd64 --with-arch-directory=amd64 --with-ecj-jar=/usr/share/java/eclipse-ecj.jar --enable-objc-gc --enable-multiarch --disable-werror --with-arch-32=i686 --with-abi=m64 --with-multilib-list=m32,m64,mx32 --enable-multilib --with-tune=generic --enable-checking=release --build=x86_64-linux-gnu --host=x86_64-linux-gnu --target=x86_64-linux-gnu
Thread model: posix
gcc version 5.4.0 20160609 (Ubuntu 5.4.0-6ubuntu1~16.04.10) 
COMPILER_PATH=/usr/lib/gcc/x86_64-linux-gnu/5/:/usr/lib/gcc/x86_64-linux-gnu/5/:/usr/lib/gcc/x86_64-linux-gnu/:/usr/lib/gcc/x86_64-linux-gnu/5/:/usr/lib/gcc/x86_64-linux-gnu/
LIBRARY_PATH=/usr/lib/gcc/x86_64-linux-gnu/5/:/usr/lib/gcc/x86_64-linux-gnu/5/../../../x86_64-linux-gnu/:/usr/lib/gcc/x86_64-linux-gnu/5/../../../../lib/:/lib/x86_64-linux-gnu/:/lib/../lib/:/usr/lib/x86_64-linux-gnu/:/usr/lib/../lib/:/usr/lib/gcc/x86_64-linux-gnu/5/../../../:/lib/:/usr/lib/
COLLECT_GCC_OPTIONS='-v' '-o' 'cmTC_bda7d' '-rdynamic' '-mtune=generic' '-march=x86-64'
 /usr/lib/gcc/x86_64-linux-gnu/5/collect2 -plugin /usr/lib/gcc/x86_64-linux-gnu/5/liblto_plugin.so -plugin-opt=/usr/lib/gcc/x86_64-linux-gnu/5/lto-wrapper -plugin-opt=-fresolution=/tmp/cci3jybg.res -plugin-opt=-pass-through=-lgcc -plugin-opt=-pass-through=-lgcc_s -plugin-opt=-pass-through=-lc -plugin-opt=-pass-through=-lgcc -plugin-opt=-pass-through=-lgcc_s --sysroot=/ --build-id --eh-frame-hdr -m elf_x86_64 --hash-style=gnu --as-needed -export-dynamic -dynamic-linker /lib64/ld-linux-x86-64.so.2 -z relro -o cmTC_bda7d /usr/lib/gcc/x86_64-linux-gnu/5/../../../x86_64-linux-gnu/crt1.o /usr/lib/gcc/x86_64-linux-gnu/5/../../../x86_64-linux-gnu/crti.o /usr/lib/gcc/x86_64-linux-gnu/5/crtbegin.o -L/usr/lib/gcc/x86_64-linux-gnu/5 -L/usr/lib/gcc/x86_64-linux-gnu/5/../../../x86_64-linux-gnu -L/usr/lib/gcc/x86_64-linux-gnu/5/../../../../lib -L/lib/x86_64-linux-gnu -L/lib/../lib -L/usr/lib/x86_64-linux-gnu -L/usr/lib/../lib -L/usr/lib/gcc/x86_64-linux-gnu/5/../../.. CMakeFiles/cmTC_bda7d.dir/CMakeCCompilerABI.c.o -lgcc --as-needed -lgcc_s --no-as-needed -lc -lgcc --as-needed -lgcc_s --no-as-needed /usr/lib/gcc/x86_64-linux-gnu/5/crtend.o /usr/lib/gcc/x86_64-linux-gnu/5/../../../x86_64-linux-gnu/crtn.o
make[1]: Leaving directory '/home/cs104/cs104/homework-submission/hw-wisnia/hw2/hw2-check/CMakeFiles/CMakeTmp'


Parsed C implicit link information from above output:
  link line regex: [^( *|.*[/\])(ld|([^/\]+-)?ld|collect2)[^/\]*( |$)]
  ignore line: [Change Dir: /home/cs104/cs104/homework-submission/hw-wisnia/hw2/hw2-check/CMakeFiles/CMakeTmp]
  ignore line: []
  ignore line: [Run Build Command:"/usr/bin/make" "cmTC_bda7d/fast"]
  ignore line: [/usr/bin/make -f CMakeFiles/cmTC_bda7d.dir/build.make CMakeFiles/cmTC_bda7d.dir/build]
  ignore line: [make[1]: Entering directory '/home/cs104/cs104/homework-submission/hw-wisnia/hw2/hw2-check/CMakeFiles/CMakeTmp']
  ignore line: [Building C object CMakeFiles/cmTC_bda7d.dir/CMakeCCompilerABI.c.o]
  ignore line: [/usr/bin/cc     -o CMakeFiles/cmTC_bda7d.dir/CMakeCCompilerABI.c.o   -c /usr/share/cmake-3.5/Modules/CMakeCCompilerABI.c]
  ignore line: [Linking C executable cmTC_bda7d]
  ignore line: [/usr/bin/cmake -E cmake_link_script CMakeFiles/cmTC_bda7d.dir/link.txt --verbose=1]
  ignore line: [/usr/bin/cc      -v CMakeFiles/cmTC_bda7d.dir/CMakeCCompilerABI.c.o  -o cmTC_bda7d -rdynamic  ]
  ignore line: [Using built-in specs.]
  ignore line: [COLLECT_GCC=/usr/bin/cc]
  ignore line: [COLLECT_LTO_WRAPPER=/usr/lib/gcc/x86_64-linux-gnu/5/lto-wrapper]
  ignore line: [Target: x86_64-linux-gnu]
  ignore line: [Configured with: ../src/configure -v --with-pkgversion='Ubuntu 5.4.0-6ubuntu1~16.04.10' --with-bugurl=file:///usr/share/doc/gcc-5/README.Bugs --enable-languages=c,ada,c++,java,go,d,fortran,objc,obj-c++ --prefix=/usr --program-suffix=-5 --enable-shared --enable-linker-build-id --libexecdir=/usr/lib --without-included-gettext --enable-threads=posix --libdir=/usr/lib --enable-nls --with-sysroot=/ --enable-clocale=gnu --enable-libstdcxx-debug --enable-libstdcxx-time=yes --with-default-libstdcxx-abi=new --enable-gnu-unique-object --disable-vtable-verify --enable-libmpx --enable-plugin --with-system-zlib --disable-browser-plugin --enable-java-awt=gtk --enable-gtk-cairo --with-java-home=/usr/lib/jvm/java-1.5.0-gcj-5-amd64/jre --enable-java-home --with-jvm-root-dir=/usr/lib/jvm/java-1.5.0-gcj-5-amd64 --with-jvm-jar-dir=/usr/lib/jvm-exports/java-1.5.0-gcj-5-amd64 --with-arch-directory=amd64 --with-ecj-jar=/usr/share/java/eclipse-ecj.jar --enable-objc-gc --enable-multiarch --disable-werror --with-arch-32=i686 --with-abi=m64 --with-multilib-list=m32,m64,mx32 --enable-multilib --with-tune=generic --enable-checking=release --build=x86_64-linux-gnu --host=x86_64-linux-gnu --target=x86_64-linux-gnu]
  ignore line: [Thread model: posix]
  ignore line: [gcc version 5.4.0 20160609 (Ubuntu 5.4.0-6ubuntu1~16.04.10) ]
  ignore line: [COMPILER_PATH=/usr/lib/gcc/x86_64-linux-gnu/5/:/usr/lib/gcc/x86_64-linux-gnu/5/:/usr/lib/gcc/x86_64-linux-gnu/:/usr/lib/gcc/x86_64-linux-gnu/5/:/usr/lib/gcc/x86_64-linux-gnu/]
  ignore line: [LIBRARY_PATH=/usr/lib/gcc/x86_64-linux-gnu/5/:/usr/lib/gcc/x86_64-linux-gnu/5/../../../x86_64-linux-gnu/:/usr/lib/gcc/x86_64-linux-gnu/5/../../../../lib/:/lib/x86_64-linux-gnu/:/lib/../lib/:/usr/lib/x86_64-linux-gnu/:/usr/lib/../lib/:/usr/lib/gcc/x86_64-linux-gnu/5/../../../:/lib/:/usr/lib/]
  ignore line: [COLLECT_GCC_OPTIONS='-v' '-o' 'cmTC_bda7d' '-rdynamic' '-mtune=generic' '-march=x86-64']
  link line: [ /usr/lib/gcc/x86_64-linux-gnu/5/collect2 -plugin /usr/lib/gcc/x86_64-linux-gnu/5/liblto_plugin.so -plugin-opt=/usr/lib/gcc/x86_64-linux-gnu/5/lto-wrapper -plugin-opt=-fresolution=/tmp/cci3jybg.res -plugin-opt=-pass-through=-lgcc -plugin-opt=-pass-through=-lgcc_s -plugin-opt=-pass-through=-lc -plugin-opt=-pass-through=-lgcc -plugin-opt=-pass-through=-lgcc_s --sysroot=/ --build-id --eh-frame-hdr -m elf_x86_64 --hash-style=gnu --as-needed -export-dynamic -dynamic-linker /lib64/ld-linux-x86-64.so.2 -z relro -o cmTC_bda7d /usr/lib/gcc/x86_64-linux-gnu/5/../../../x86_64-linux-gnu/crt1.o /usr/lib/gcc/x86_64-linux-gnu/5/../../../x86_64-linux-gnu/crti.o /usr/lib/gcc/x86_64-linux-gnu/5/crtbegin.o -L/usr/lib/gcc/x86_64-linux-gnu/5 -L/usr/lib/gcc/x86_64-linux-gnu/5/../../../x86_64-linux-gnu -L/usr/lib/gcc/x86_64-linux-gnu/5/../../../../lib -L/lib/x86_64-linux-gnu -L/lib/../lib -L/usr/lib/x86_64-linux-gnu -L/usr/lib/../lib -L/usr/lib/gcc/x86_64-linux-gnu/5/../../.. CMakeFiles/cmTC_bda7d.dir/CMakeCCompilerABI.c.o -lgcc --as-needed -lgcc_s --no-as-needed -lc -lgcc --as-needed -lgcc_s --no-as-needed /usr/lib/gcc/x86_64-linux-gnu/5/crtend.o /usr/lib/gcc/x86_64-linux-gnu/5/../../../x86_64-linux-gnu/crtn.o]
    arg [/usr/lib/gcc/x86_64-linux-gnu/5/collect2] ==> ignore
    arg [-plugin] ==> ignore
    arg [/usr/lib/gcc/x86_64-linux-gnu/5/liblto_plugin.so] ==> ignore
    arg [-plugin-opt=/usr/lib/gcc/x86_64-linux-gnu/5/lto-wrapper] ==> ignore
    arg [-plugin-opt=-fresolution=/tmp/cci3jybg.res] ==> ignore
    arg [-plugin-opt=-pass-through=-lgcc] ==> ignore
    arg [-plugin-opt=-pass-through=-lgcc_s] ==> ignore
    arg [-plugin-opt=-pass-through=-lc] ==> ignore
    arg [-plugin-opt=-pass-through=-lgcc] ==> ignore
    arg [-plugin-opt=-pass-through=-lgcc_s] ==> ignore
    arg [--sysroot=/] ==> ignore
    arg [--build-id] ==> ignore
    arg [--eh-frame-hdr] ==> ignore
    arg [-m] ==> ignore
    arg [elf_x86_64] ==> ignore
    arg [--hash-style=gnu] ==> ignore
    arg [--as-needed] ==> ignore
    arg [-export-dynamic] ==> ignore
    arg [-dynamic-linker] ==> ignore
    arg [/lib64/ld-linux-x86-64.so.2] ==> ignore
    arg [-zrelro] ==> ignore
    arg [-o] ==> ignore
    arg [cmTC_bda7d] ==> ignore
    arg [/usr/lib/gcc/x86_64-linux-gnu/5/../../../x86_64-linux-gnu/crt1.o] ==> ignore
    arg [/usr/lib/gcc/x86_64-linux-gnu/5/../../../x86_64-linux-gnu/crti.o] ==> ignore
    arg [/usr/lib/gcc/x86_64-linux-gnu/5/crtbegin.o] ==> ignore
    arg [-L/usr/lib/gcc/x86_64-linux-gnu/5] ==> dir [/usr/lib/gcc/x86_64-linux-gnu/5]
    arg [-L/usr/lib/gcc/x86_64-linux-gnu/5/../../../x86_64-linux-gnu] ==> dir [/usr/lib/gcc/x86_64-linux-gnu/5/../../../x86_64-linux-gnu]
    arg [-L/usr/lib/gcc/x86_64-linux-gnu/5/../../../../lib] ==> dir [/usr/lib/gcc/x86_64-linux-gnu/5/../../../../lib]
    arg [-L/lib/x86_64-linux-gnu] ==> dir [/lib/x86_64-linux-gnu]
    arg [-L/lib/../lib] ==> dir [/lib/../lib]
    arg [-L/usr/lib/x86_64-linux-gnu] ==> dir [/usr/lib/x86_64-linux-gnu]
    arg [-L/usr/lib/../lib] ==> dir [/usr/lib/../lib]
    arg [-L/usr/lib/gcc/x86_64-linux-gnu/5/../../..] ==> dir [/usr/lib/gcc/x86_64-linux-gnu/5/../../..]
    arg [CMakeFiles/cmTC_bda7d.dir/CMakeCCompilerABI.c.o] ==> ignore
    arg [-lgcc] ==> lib [gcc]
    arg [--as-needed] ==> ignore
    arg [-lgcc_s] ==> lib [gcc_s]
    arg [--no-as-needed] ==> ignore
    arg [-lc] ==> lib [c]
    arg [-lgcc] ==> lib [gcc]
    arg [--as-needed] ==> ignore
    arg [-lgcc_s] ==> lib [gcc_s]
    arg [--no-as-needed] ==> ignore
    arg [/usr/lib/gcc/x86_64-linux-gnu/5/crtend.o] ==> ignore
    arg [/usr/lib/gcc/x86_64-linux-gnu/5/../../../x86_64-linux-gnu/crtn.o] ==> ignore
  remove lib [gcc]
  remove lib [gcc_s]
  remove lib [gcc]
  remove lib [gcc_s]
  collapse library dir [/usr/lib/gcc/x86_64-linux-gnu/5] ==> [/usr/lib/gcc/x86_64-linux-gnu/5]
  collapse library dir [/usr/lib/gcc/x86_64-linux-gnu/5/../../../x86_64-linux-gnu] ==> [/usr/lib/x86_64-linux-gnu]
  collapse library dir [/usr/lib/gcc/x86_64-linux-gnu/5/../../../../lib] ==> [/usr/lib]
  collapse library dir [/lib/x86_64-linux-gnu] ==> [/lib/x86_64-linux-gnu]
  collapse library dir [/lib/../lib] ==> [/lib]
  collapse library dir [/usr/lib/x86_64-linux-gnu] ==> [/usr/lib/x86_64-linux-gnu]
  collapse library dir [/usr/lib/../lib] ==> [/usr/lib]
  collapse library dir [/usr/lib/gcc/x86_64-linux-gnu/5/../../..] ==> [/usr/lib]
  implicit libs: [c]
  implicit dirs: [/usr/lib/gcc/x86_64-linux-gnu/5;/usr/lib/x86_64-linux-gnu;/usr/lib;/lib/x86_64-linux-gnu;/lib]
  implicit fwks: []




Detecting C [-std=c11] compiler features compiled with the following output:
Change Dir: /home/cs104/cs104/homework-submission/hw-wisnia/hw2/hw2-check/CMakeFiles/CMakeTmp

Run Build Command:"/usr/bin/make" "cmTC_9e32a/fast"
/usr/bin/make -f CMakeFiles/cmTC_9e32a.dir/build.make CMakeFiles/cmTC_9e32a.dir/build
make[1]: Entering directory '/home/cs104/cs104/homework-submission/hw-wisnia/hw2/hw2-check/CMakeFiles/CMakeTmp'
Building C object CMakeFiles/cmTC_9e32a.dir/feature_tests.c.o
/usr/bin/cc    -std=c11 -o CMakeFiles/cmTC_9e32a.dir/feature_tests.c.o   -c /home/cs104/cs104/homework-submission/hw-wisnia/hw2/hw2-check/CMakeFiles/feature_tests.c
Linking C executable cmTC_9e32a
/usr/bin/cmake -E cmake_link_script CMakeFiles/cmTC_9e32a.dir/link.txt --verbose=1
/usr/bin/cc       CMakeFiles/cmTC_9e32a.dir/feature_tests.c.o  -o cmTC_9e32a -rdynamic 
make[1]: Leaving directory '/home/cs104/cs104/homework-submission/hw-wisnia/hw2/hw2-check/CMakeFiles/CMakeTmp'


    Feature record: C_FEATURE:1c_function_prototypes
    Feature record: C_FEATURE:1c_restrict
    Feature record: C_FEATURE:1c_static_assert
    Feature record: C_FEATURE:1c_variadic_macros


Detecting C [-std=c99] compiler features compiled with the following output:
Change Dir: /home/cs104/cs104/homework-submission/hw-wisnia/hw2/hw2-check/CMakeFiles/CMakeTmp

Run Build Command:"/usr/bin/make" "cmTC_406fa/fast"
/usr/bin/make -f CMakeFiles/cmTC_406fa.dir/build.make CMakeFiles/cmTC_406fa.dir/build
make[1]: Entering directory '/home/cs104/cs104/homework-submission/hw-wisnia/hw2/hw2-check/CMakeFiles/CMakeTmp'
Building C object CMakeFiles/cmTC_406fa.dir/feature_tests.c.o
/usr/bin/cc    -std=c99 -o CMakeFiles/cmTC_406fa.dir/feature_tests.c.o   -c /home/cs104/cs104/homework-submission/hw-wisnia/hw2/hw2-check/CMakeFiles/feature_tests.c
Linking C executable cmTC_406fa
/usr/bin/cmake -E cmake_link_script CMakeFiles/cmTC_406fa.dir/link.txt --verbose=1
/usr/bin/cc       CMakeFiles/cmTC_406fa.dir/feature_tests.c.o  -o cmTC_406fa -rdynamic 
make[1]: Leaving directory '/home/cs104/cs104/homework-submission/hw-wisnia/hw2/hw2-check/CMakeFiles/CMakeTmp'


    Feature record: C_FEATURE:1c_function_prototypes
    Feature record: C_FEATURE:1c_restrict
    Feature record: C_FEATURE:0c_static_assert
    Feature record: C_FEATURE:1c_variadic_macros


Detecting C [-std=c90] compiler features compiled with the following output:
Change Dir: /home/cs104/cs104/homework-submission/hw-wisnia/hw2/hw2-check/CMakeFiles/CMakeTmp

Run Build Command:"/usr/bin/make" "cmTC_27a0f/fast"
/usr/bin/make -f CMakeFiles/cmTC_27a0f.dir/build.make CMakeFiles/cmTC_27a0f.dir/build
make[1]: Entering directory '/home/cs104/cs104/homework-submission/hw-wisnia/hw2/hw2-check/CMakeFiles/CMakeTmp'
Building C object CMakeFiles/cmTC_27a0f.dir/feature_tests.c.o
/usr/bin/cc    -std=c90 -o CMakeFiles/cmTC_27a0f.dir/feature_tests.c.o   -c /home/cs104/cs104/homework-submission/hw-wisnia/hw2/hw2-check/CMakeFiles/feature_tests.c
Linking C executable cmTC_27a0f
/usr/bin/cmake -E cmake_link_script CMakeFiles/cmTC_27a0f.dir/link.txt --verbose=1
/usr/bin/cc       CMakeFiles/cmTC_27a0f.dir/feature_tests.c.o  -o cmTC_27a0f -rdynamic 
make[1]: Leaving directory '/home/cs104/cs104/homework-submission/hw-wisnia/hw2/hw2-check/CMakeFiles/CMakeTmp'


    Feature record: C_FEATURE:1c_function_prototypes
    Feature record: C_FEATURE:0c_restrict
    Feature record: C_FEATURE:0c_static_assert
    Feature record: C_FEATURE:0c_variadic_macros
Determining if the CXX compiler works passed with the following output:
Change Dir: /home/cs104/cs104/homework-submission/hw-wisnia/hw2/hw2-check/CMakeFiles/CMakeTmp

Run Build Command:"/usr/bin/make" "cmTC_9cd93/fast"
/usr/bin/make -f CMakeFiles/cmTC_9cd93.dir/build.make CMakeFiles/cmTC_9cd93.dir/build
make[1]: Entering directory '/home/cs104/cs104/homework-submission/hw-wisnia/hw2/hw2-check/CMakeFiles/CMakeTmp'
Building CXX object CMakeFiles/cmTC_9cd93.dir/testCXXCompiler.cxx.o
/usr/bin/c++      -o CMakeFiles/cmTC_9cd93.dir/testCXXCompiler.cxx.o -c /home/cs104/cs104/homework-submission/hw-wisnia/hw2/hw2-check/CMakeFiles/CMakeTmp/testCXXCompiler.cxx
Linking CXX executable cmTC_9cd93
/usr/bin/cmake -E cmake_link_script CMakeFiles/cmTC_9cd93.dir/link.txt --verbose=1
/usr/bin/c++        CMakeFiles/cmTC_9cd93.dir/testCXXCompiler.cxx.o  -o cmTC_9cd93 -rdynamic 
make[1]: Leaving directory '/home/cs104/cs104/homework-submission/hw-wisnia/hw2/hw2-check/CMakeFiles/CMakeTmp'


Detecting CXX compiler ABI info compiled with the following output:
Change Dir: /home/cs104/cs104/homework-submission/hw-wisnia/hw2/hw2-check/CMakeFiles/CMakeTmp

Run Build Command:"/usr/bin/make" "cmTC_6b55c/fast"
/usr/bin/make -f CMakeFiles/cmTC_6b55c.dir/build.make CMakeFiles/cmTC_6b55c.dir/build
make[1]: Entering directory '/home/cs104/cs104/homework-submission/hw-wisnia/hw2/hw2-check/CMakeFiles/CMakeTmp'
Building CXX object CMakeFiles/cmTC_6b55c.dir/CMakeCXXCompilerABI.cpp.o
/usr/bin/c++      -o CMakeFiles/cmTC_6b55c.dir/CMakeCXXCompilerABI.cpp.o -c /usr/share/cmake-3.5/Modules/CMakeCXXCompilerABI.cpp
Linking CXX executable cmTC_6b55c
/usr/bin/cmake -E cmake_link_script CMakeFiles/cmTC_6b55c.dir/link.txt --verbose=1
/usr/bin/c++       -v CMakeFiles/cmTC_6b55c.dir/CMakeCXXCompilerABI.cpp.o  -o cmTC_6b55c -rdynamic  
Using built-in specs.
COLLECT_GCC=/usr/bin/c++
COLLECT_LTO_WRAPPER=/usr/lib/gcc/x86_64-linux-gnu/5/lto-wrapper
Target: x86_64-linux-gnu
Configured with: ../src/configure -v --with-pkgversion='Ubuntu 5.4.0-6ubuntu1~16.04.10' --with-bugurl=file:///usr/share/doc/gcc-5/README.Bugs --enable-languages=c,ada,c++,java,go,d,fortran,objc,obj-c++ --prefix=/usr --program-suffix=-5 --enable-shared --enable-linker-build-id --libexecdir=/usr/lib --without-included-gettext --enable-threads=posix --libdir=/usr/lib --enable-nls --with-sysroot=/ --enable-clocale=gnu --enable-libstdcxx-debug --enable-libstdcxx-time=yes --with-default-libstdcxx-abi=new --enable-gnu-unique-object --disable-vtable-verify --enable-libmpx --enable-plugin --with-system-zlib --disable-browser-plugin --enable-java-awt=gtk --enable-gtk-cairo --with-java-home=/usr/lib/jvm/java-1.5.0-gcj-5-amd64/jre --enable-java-home --with-jvm-root-dir=/usr/lib/jvm/java-1.5.0-gcj-5-amd64 --with-jvm-jar-dir=/usr/lib/jvm-exports/java-1.5.0-gcj-5-amd64 --with-arch-directory=amd64 --with-ecj-jar=/usr/share/java/eclipse-ecj.jar --enable-objc-gc --enable-multiarch --disable-werror --with-arch-32=i686 --with-abi=m64 --with-multilib-list=m32,m64,mx32 --enable-multilib --with-tune=generic --enable-checking=release --build=x86_64-linux-gnu --host=x86_64-linux-gnu --target=x86_64-linux-gnu
Thread model: posix
gcc version 5.4.0 20160609 (Ubuntu 5.4.0-6ubuntu1~16.04.10) 
COMPILER_PATH=/usr/lib/gcc/x86_64-linux-gnu/5/:/usr/lib/gcc/x86_64-linux-gnu/5/:/usr/lib/gcc/x86_64-linux-gnu/:/usr/lib/gcc/x86_64-linux-gnu/5/:/usr/lib/gcc/x86_64-linux-gnu/
LIBRARY_PATH=/usr/lib/gcc/x86_64-linux-gnu/5/:/usr/lib/gcc/x86_64-linux-gnu/5/../../../x86_64-linux-gnu/:/usr/lib/gcc/x86_64-linux-gnu/5/../../../../lib/:/lib/x86_64-linux-gnu/:/lib/../lib/:/usr/lib/x86_64-linux-gnu/:/usr/lib/../lib/:/usr/lib/gcc/x86_64-linux-gnu/5/../../../:/lib/:/usr/lib/
COLLECT_GCC_OPTIONS='-v' '-o' 'cmTC_6b55c' '-rdynamic' '-shared-libgcc' '-mtune=generic' '-march=x86-64'
 /usr/lib/gcc/x86_64-linux-gnu/5/collect2 -plugin /usr/lib/gcc/x86_64-linux-gnu/5/liblto_plugin.so -plugin-opt=/usr/lib/gcc/x86_64-linux-gnu/5/lto-wrapper -plugin-opt=-fresolution=/tmp/ccruRTuC.res -plugin-opt=-pass-through=-lgcc_s -plugin-opt=-pass-through=-lgcc -plugin-opt=-pass-through=-lc -plugin-opt=-pass-through=-lgcc_s -plugin-opt=-pass-through=-lgcc --sysroot=/ --build-id --eh-frame-hdr -m elf_x86_64 --hash-style=gnu --as-needed -export-dynamic -dynamic-linker /lib64/ld-linux-x86-64.so.2 -z relro -o cmTC_6b55c /usr/lib/gcc/x86_64-linux-gnu/5/../../../x86_64-linux-gnu/crt1.o /usr/lib/gcc/x86_64-linux-gnu/5/../../../x86_64-linux-gnu/crti.o /usr/lib/gcc/x86_64-linux-gnu/5/crtbegin.o -L/usr/lib/gcc/x86_64-linux-gnu/5 -L/usr/lib/gcc/x86_64-linux-gnu/5/../../../x86_64-linux-gnu -L/usr/lib/gcc/x86_64-linux-gnu/5/../../../../lib -L/lib/x86_64-linux-gnu -L/lib/../lib -L/usr/lib/x86_64-linux-gnu -L/usr/lib/../lib -L/usr/lib/gcc/x86_64-linux-gnu/5/../../.. CMakeFiles/cmTC_6b55c.dir/CMakeCXXCompilerABI.cpp.o -lstdc++ -lm -lgcc_s -lgcc -lc -lgcc_s -lgcc /usr/lib/gcc/x86_64-linux-gnu/5/crtend.o /usr/lib/gcc/x86_64-linux-gnu/5/../../../x86_64-linux-gnu/crtn.o
make[1]: Leaving directory '/home/cs104/cs104/homework-submission/hw-wisnia/hw2/hw2-check/CMakeFiles/CMakeTmp'


Parsed CXX implicit link information from above output:
  link line regex: [^( *|.*[/\])(ld|([^/\]+-)?ld|collect2)[^/\]*( |$)]
  ignore line: [Change Dir: /home/cs104/cs104/homework-submission/hw-wisnia/hw2/hw2-check/CMakeFiles/CMakeTmp]
  ignore line: []
  ignore line: [Run Build Command:"/usr/bin/make" "cmTC_6b55c/fast"]
  ignore line: [/usr/bin/make -f CMakeFiles/cmTC_6b55c.dir/build.make CMakeFiles/cmTC_6b55c.dir/build]
  ignore line: [make[1]: Entering directory '/home/cs104/cs104/homework-submission/hw-wisnia/hw2/hw2-check/CMakeFiles/CMakeTmp']
  ignore line: [Building CXX object CMakeFiles/cmTC_6b55c.dir/CMakeCXXCompilerABI.cpp.o]
  ignore line: [/usr/bin/c++      -o CMakeFiles/cmTC_6b55c.dir/CMakeCXXCompilerABI.cpp.o -c /usr/share/cmake-3.5/Modules/CMakeCXXCompilerABI.cpp]
  ignore line: [Linking CXX executable cmTC_6b55c]
  ignore line: [/usr/bin/cmake -E cmake_link_script CMakeFiles/cmTC_6b55c.dir/link.txt --verbose=1]
  ignore line: [/usr/bin/c++       -v CMakeFiles/cmTC_6b55c.dir/CMakeCXXCompilerABI.cpp.o  -o cmTC_6b55c -rdynamic  ]
  ignore line: [Using built-in specs.]
  ignore line: [COLLECT_GCC=/usr/bin/c++]
  ignore line: [COLLECT_LTO_WRAPPER=/usr/lib/gcc/x86_64-linux-gnu/5/lto-wrapper]
  ignore line: [Target: x86_64-linux-gnu]
  ignore line: [Configured with: ../src/configure -v --with-pkgversion='Ubuntu 5.4.0-6ubuntu1~16.04.10' --with-bugurl=file:///usr/share/doc/gcc-5/README.Bugs --enable-languages=c,ada,c++,java,go,d,fortran,objc,obj-c++ --prefix=/usr --program-suffix=-5 --enable-shared --enable-linker-build-id --libexecdir=/usr/lib --without-included-gettext --enable-threads=posix --libdir=/usr/lib --enable-nls --with-sysroot=/ --enable-clocale=gnu --enable-libstdcxx-debug --enable-libstdcxx-time=yes --with-default-libstdcxx-abi=new --enable-gnu-unique-object --disable-vtable-verify --enable-libmpx --enable-plugin --with-system-zlib --disable-browser-plugin --enable-java-awt=gtk --enable-gtk-cairo --with-java-home=/usr/lib/jvm/java-1.5.0-gcj-5-amd64/jre --enable-java-home --with-jvm-root-dir=/usr/lib/jvm/java-1.5.0-gcj-5-amd64 --with-jvm-jar-dir=/usr/lib/jvm-exports/java-1.5.0-gcj-5-amd64 --with-arch-directory=amd64 --with-ecj-jar=/usr/share/java/eclipse-ecj.jar --enable-objc-gc --enable-multiarch --disable-werror --with-arch-32=i686 --with-abi=m64 --with-multilib-list=m32,m64,mx32 --enable-multilib --with-tune=generic --enable-checking=release --build=x86_64-linux-gnu --host=x86_64-linux-gnu --target=x86_64-linux-gnu]
  ignore line: [Thread model: posix]
  ignore line: [gcc version 5.4.0 20160609 (Ubuntu 5.4.0-6ubuntu1~16.04.10) ]
  ignore line: [COMPILER_PATH=/usr/lib/gcc/x86_64-linux-gnu/5/:/usr/lib/gcc/x86_64-linux-gnu/5/:/usr/lib/gcc/x86_64-linux-gnu/:/usr/lib/gcc/x86_64-linux-gnu/5/:/usr/lib/gcc/x86_64-linux-gnu/]
  ignore line: [LIBRARY_PATH=/usr/lib/gcc/x86_64-linux-gnu/5/:/usr/lib/gcc/x86_64-linux-gnu/5/../../../x86_64-linux-gnu/:/usr/lib/gcc/x86_64-linux-gnu/5/../../../../lib/:/lib/x86_64-linux-gnu/:/lib/../lib/:/usr/lib/x86_64-linux-gnu/:/usr/lib/../lib/:/usr/lib/gcc/x86_64-linux-gnu/5/../../../:/lib/:/usr/lib/]
  ignore line: [COLLECT_GCC_OPTIONS='-v' '-o' 'cmTC_6b55c' '-rdynamic' '-shared-libgcc' '-mtune=generic' '-march=x86-64']
  link line: [ /usr/lib/gcc/x86_64-linux-gnu/5/collect2 -plugin /usr/lib/gcc/x86_64-linux-gnu/5/liblto_plugin.so -plugin-opt=/usr/lib/gcc/x86_64-linux-gnu/5/lto-wrapper -plugin-opt=-fresolution=/tmp/ccruRTuC.res -plugin-opt=-pass-through=-lgcc_s -plugin-opt=-pass-through=-lgcc -plugin-opt=-pass-through=-lc -plugin-opt=-pass-through=-lgcc_s -plugin-opt=-pass-through=-lgcc --sysroot=/ --build-id --eh-frame-hdr -m elf_x86_64 --hash-style=gnu --as-needed -export-dynamic -dynamic-linker /lib64/ld-linux-x86-64.so.2 -z relro -o cmTC_6b55c /usr/lib/gcc/x86_64-linux-gnu/5/../../../x86_64-linux-gnu/crt1.o /usr/lib/gcc/x86_64-linux-gnu/5/../../../x86_64-linux-gnu/crti.o /usr/lib/gcc/x86_64-linux-gnu/5/crtbegin.o -L/usr/lib/gcc/x86_64-linux-gnu/5 -L/usr/lib/gcc/x86_64-linux-gnu/5/../../../x86_64-linux-gnu -L/usr/lib/gcc/x86_64-linux-gnu/5/../../../../lib -L/lib/x86_64-linux-gnu -L/lib/../lib -L/usr/lib/x86_64-linux-gnu -L/usr/lib/../lib -L/usr/lib/gcc/x86_64-linux-gnu/5/../../.. CMakeFiles/cmTC_6b55c.dir/CMakeCXXCompilerABI.cpp.o -lstdc++ -lm -lgcc_s -lgcc -lc -lgcc_s -lgcc /usr/lib/gcc/x86_64-linux-gnu/5/crtend.o /usr/lib/gcc/x86_64-linux-gnu/5/../../../x86_64-linux-gnu/crtn.o]
    arg [/usr/lib/gcc/x86_64-linux-gnu/5/collect2] ==> ignore
    arg [-plugin] ==> ignore
    arg [/usr/lib/gcc/x86_64-linux-gnu/5/liblto_plugin.so] ==> ignore
    arg [-plugin-opt=/usr/lib/gcc/x86_64-linux-gnu/5/lto-wrapper] ==> ignore
    arg [-plugin-opt=-fresolution=/tmp/ccruRTuC.res] ==> ignore
    arg [-plugin-opt=-pass-through=-lgcc_s] ==> ignore
    arg [-plugin-opt=-pass-through=-lgcc] ==> ignore
    arg [-plugin-opt=-pass-through=-lc] ==> ignore
    arg [-plugin-opt=-pass-through=-lgcc_s] ==> ignore
    arg [-plugin-opt=-pass-through=-lgcc] ==> ignore
    arg [--sysroot=/] ==> ignore
    arg [--build-id] ==> ignore
    arg [--eh-frame-hdr] ==> ignore
    arg [-m] ==> ignore
    arg [elf_x86_64] ==> ignore
    arg [--hash-style=gnu] ==> ignore
    arg [--as-needed] ==> ignore
    arg [-export-dynamic] ==> ignore
    arg [-dynamic-linker] ==> ignore
    arg [/lib64/ld-linux-x86-64.so.2] ==> ignore
    arg [-zrelro] ==> ignore
    arg [-o] ==> ignore
    arg [cmTC_6b55c] ==> ignore
    arg [/usr/lib/gcc/x86_64-linux-gnu/5/../../../x86_64-linux-gnu/crt1.o] ==> ignore
    arg [/usr/lib/gcc/x86_64-linux-gnu/5/../../../x86_64-linux-gnu/crti.o] ==> ignore
    arg [/usr/lib/gcc/x86_64-linux-gnu/5/crtbegin.o] ==> ignore
    arg [-L/usr/lib/gcc/x86_64-linux-gnu/5] ==> dir [/usr/lib/gcc/x86_64-linux-gnu/5]
    arg [-L/usr/lib/gcc/x86_64-linux-gnu/5/../../../x86_64-linux-gnu] ==> dir [/usr/lib/gcc/x86_64-linux-gnu/5/../../../x86_64-linux-gnu]
    arg [-L/usr/lib/gcc/x86_64-linux-gnu/5/../../../../lib] ==> dir [/usr/lib/gcc/x86_64-linux-gnu/5/../../../../lib]
    arg [-L/lib/x86_64-linux-gnu] ==> dir [/lib/x86_64-linux-gnu]
    arg [-L/lib/../lib] ==> dir [/lib/../lib]
    arg [-L/usr/lib/x86_64-linux-gnu] ==> dir [/usr/lib/x86_64-linux-gnu]
    arg [-L/usr/lib/../lib] ==> dir [/usr/lib/../lib]
    arg [-L/usr/lib/gcc/x86_64-linux-gnu/5/../../..] ==> dir [/usr/lib/gcc/x86_64-linux-gnu/5/../../..]
    arg [CMakeFiles/cmTC_6b55c.dir/CMakeCXXCompilerABI.cpp.o] ==> ignore
    arg [-lstdc++] ==> lib [stdc++]
    arg [-lm] ==> lib [m]
    arg [-lgcc_s] ==> lib [gcc_s]
    arg [-lgcc] ==> lib [gcc]
    arg [-lc] ==> lib [c]
    arg [-lgcc_s] ==> lib [gcc_s]
    arg [-lgcc] ==> lib [gcc]
    arg [/usr/lib/gcc/x86_64-linux-gnu/5/crtend.o] ==> ignore
    arg [/usr/lib/gcc/x86_64-linux-gnu/5/../../../x86_64-linux-gnu/crtn.o] ==> ignore
  remove lib [gcc_s]
  remove lib [gcc]
  remove lib [gcc_s]
  remove lib [gcc]
  collapse library dir [/usr/lib/gcc/x86_64-linux-gnu/5] ==> [/usr/lib/gcc/x86_64-linux-gnu/5]
  collapse library dir [/usr/lib/gcc/x86_64-linux-gnu/5/../../../x86_64-linux-gnu] ==> [/usr/lib/x86_64-linux-gnu]
  collapse library dir [/usr/lib/gcc/x86_64-linux-gnu/5/../../../../lib] ==> [/usr/lib]
  collapse library dir [/lib/x86_64-linux-gnu] ==> [/lib/x86_64-linux-gnu]
  collapse library dir [/lib/../lib] ==> [/lib]
  collapse library dir [/usr/lib/x86_64-linux-gnu] ==> [/usr/lib/x86_64-linux-gnu]
  collapse library dir [/usr/lib/../lib] ==> [/usr/lib]
  collapse library dir [/usr/lib/gcc/x86_64-linux-gnu/5/../../..] ==> [/usr/lib]
  implicit libs: [stdc++;m;c]
  implicit dirs: [/usr/lib/gcc/x86_64-linux-gnu/5;/usr/lib/x86_64-linux-gnu;/usr/lib;/lib/x86_64-linux-gnu;/lib]
  implicit fwks: []




Detecting CXX [-std=c++14] compiler features compiled with the following output:
Change Dir: /home/cs104/cs104/homework-submission/hw-wisnia/hw2/hw2-check/CMakeFiles/CMakeTmp

Run Build Command:"/usr/bin/make" "cmTC_fa932/fast"
/usr/bin/make -f CMakeFiles/cmTC_fa932.dir/build.make CMakeFiles/cmTC_fa932.dir/build
make[1]: Entering directory '/home/cs104/cs104/homework-submission/hw-wisnia/hw2/hw2-check/CMakeFiles/CMakeTmp'
Building CXX object CMakeFiles/cmTC_fa932.dir/feature_tests.cxx.o
/usr/bin/c++     -std=c++14 -o CMakeFiles/cmTC_fa932.dir/feature_tests.cxx.o -c /home/cs104/cs104/homework-submission/hw-wisnia/hw2/hw2-check/CMakeFiles/feature_tests.cxx
Linking CXX executable cmTC_fa932
/usr/bin/cmake -E cmake_link_script CMakeFiles/cmTC_fa932.dir/link.txt --verbose=1
/usr/bin/c++        CMakeFiles/cmTC_fa932.dir/feature_tests.cxx.o  -o cmTC_fa932 -rdynamic 
make[1]: Leaving directory '/home/cs104/cs104/homework-submission/hw-wisnia/hw2/hw2-check/CMakeFiles/CMakeTmp'


    Feature record: CXX_FEATURE:1cxx_aggregate_default_initializers
    Feature record: CXX_FEATURE:1cxx_alias_templates
    Feature record: CXX_FEATURE:1cxx_alignas
    Feature record: CXX_FEATURE:1cxx_alignof
    Feature record: CXX_FEATURE:1cxx_attributes
    Feature record: CXX_FEATURE:1cxx_attribute_deprecated
    Feature record: CXX_FEATURE:1cxx_auto_type
    Feature record: CXX_FEATURE:1cxx_binary_literals
    Feature record: CXX_FEATURE:1cxx_constexpr
    Feature record: CXX_FEATURE:1cxx_contextual_conversions
    Feature record: CXX_FEATURE:1cxx_decltype
    Feature record: CXX_FEATURE:1cxx_decltype_auto
    Feature record: CXX_FEATURE:1cxx_decltype_incomplete_return_types
    Feature record: CXX_FEATURE:1cxx_default_function_template_args
    Feature record: CXX_FEATURE:1cxx_defaulted_functions
    Feature record: CXX_FEATURE:1cxx_defaulted_move_initializers
    Feature record: CXX_FEATURE:1cxx_delegating_constructors
    Feature record: CXX_FEATURE:1cxx_deleted_functions
    Feature record: CXX_FEATURE:1cxx_digit_separators
    Feature record: CXX_FEATURE:1cxx_enum_forward_declarations
    Feature record: CXX_FEATURE:1cxx_explicit_conversions
    Feature record: CXX_FEATURE:1cxx_extended_friend_declarations
    Feature record: CXX_FEATURE:1cxx_extern_templates
    Feature record: CXX_FEATURE:1cxx_final
    Feature record: CXX_FEATURE:1cxx_func_identifier
    Feature record: CXX_FEATURE:1cxx_generalized_initializers
    Feature record: CXX_FEATURE:1cxx_generic_lambdas
    Feature record: CXX_FEATURE:1cxx_inheriting_constructors
    Feature record: CXX_FEATURE:1cxx_inline_namespaces
    Feature record: CXX_FEATURE:1cxx_lambdas
    Feature record: CXX_FEATURE:1cxx_lambda_init_captures
    Feature record: CXX_FEATURE:1cxx_local_type_template_args
    Feature record: CXX_FEATURE:1cxx_long_long_type
    Feature record: CXX_FEATURE:1cxx_noexcept
    Feature record: CXX_FEATURE:1cxx_nonstatic_member_init
    Feature record: CXX_FEATURE:1cxx_nullptr
    Feature record: CXX_FEATURE:1cxx_override
    Feature record: CXX_FEATURE:1cxx_range_for
    Feature record: CXX_FEATURE:1cxx_raw_string_literals
    Feature record: CXX_FEATURE:1cxx_reference_qualified_functions
    Feature record: CXX_FEATURE:1cxx_relaxed_constexpr
    Feature record: CXX_FEATURE:1cxx_return_type_deduction
    Feature record: CXX_FEATURE:1cxx_right_angle_brackets
    Feature record: CXX_FEATURE:1cxx_rvalue_references
    Feature record: CXX_FEATURE:1cxx_sizeof_member
    Feature record: CXX_FEATURE:1cxx_static_assert
    Feature record: CXX_FEATURE:1cxx_strong_enums
    Feature record: CXX_FEATURE:1cxx_template_template_parameters
    Feature record: CXX_FEATURE:1cxx_thread_local
    Feature record: CXX_FEATURE:1cxx_trailing_return_types
    Feature record: CXX_FEATURE:1cxx_unicode_literals
    Feature record: CXX_FEATURE:1cxx_uniform_initialization
    Feature record: CXX_FEATURE:1cxx_unrestricted_unions
    Feature record: CXX_FEATURE:1cxx_user_literals
    Feature record: CXX_FEATURE:1cxx_variable_templates
    Feature record: CXX_FEATURE:1cxx_variadic_macros
    Feature record: CXX_FEATURE:1cxx_variadic_templates


Detecting CXX [-std=c++11] compiler features compiled with the following output:
Change Dir: /home/cs104/cs104/homework-submission/hw-wisnia/hw2/hw2-check/CMakeFiles/CMakeTmp

Run Build Command:"/usr/bin/make" "cmTC_5be99/fast"
/usr/bin/make -f CMakeFiles/cmTC_5be99.dir/build.make CMakeFiles/cmTC_5be99.dir/build
make[1]: Entering directory '/home/cs104/cs104/homework-submission/hw-wisnia/hw2/hw2-check/CMakeFiles/CMakeTmp'
Building CXX object CMakeFiles/cmTC_5be99.dir/feature_tests.cxx.o
/usr/bin/c++     -std=c++11 -o CMakeFiles/cmTC_5be99.dir/feature_tests.cxx.o -c /home/cs104/cs104/homework-submission/hw-wisnia/hw2/hw2-check/CMakeFiles/feature_tests.cxx
Linking CXX executable cmTC_5be99
/usr/bin/cmake -E cmake_link_script CMakeFiles/cmTC_5be99.dir/link.txt --verbose=1
/usr/bin/c++        CMakeFiles/cmTC_5be99.dir/feature_tests.cxx.o  -o cmTC_5be99 -rdynamic 
make[1]: Leaving directory '/home/cs104/cs104/homework-submission/hw-wisnia/hw2/hw2-check/CMakeFiles/CMakeTmp'


    Feature record: CXX_FEATURE:0cxx_aggregate_default_initializers
    Feature record: CXX_FEATURE:1cxx_alias_templates
    Feature record: CXX_FEATURE:1cxx_alignas
    Feature record: CXX_FEATURE:1cxx_alignof
    Feature record: CXX_FEATURE:1cxx_attributes
    Feature record: CXX_FEATURE:0cxx_attribute_deprecated
    Feature record: CXX_FEATURE:1cxx_auto_type
    Feature record: CXX_FEATURE:0cxx_binary_literals
    Feature record: CXX_FEATURE:1cxx_constexpr
    Feature record: CXX_FEATURE:0cxx_contextual_conversions
    Feature record: CXX_FEATURE:1cxx_decltype
    Feature record: CXX_FEATURE:0cxx_decltype_auto
    Feature record: CXX_FEATURE:1cxx_decltype_incomplete_return_types
    Feature record: CXX_FEATURE:1cxx_default_function_template_args
    Feature record: CXX_FEATURE:1cxx_defaulted_functions
    Feature record: CXX_FEATURE:1cxx_defaulted_move_initializers
    Feature record: CXX_FEATURE:1cxx_delegating_constructors
    Feature record: CXX_FEATURE:1cxx_deleted_functions
    Feature record: CXX_FEATURE:0cxx_digit_separators
    Feature record: CXX_FEATURE:1cxx_enum_forward_declarations
    Feature record: CXX_FEATURE:1cxx_explicit_conversions
    Feature record: CXX_FEATURE:1cxx_extended_friend_declarations
    Feature record: CXX_FEATURE:1cxx_extern_templates
    Feature record: CXX_FEATURE:1cxx_final
    Feature record: CXX_FEATURE:1cxx_func_identifier
    Feature record: CXX_FEATURE:1cxx_generalized_initializers
    Feature record: CXX_FEATURE:0cxx_generic_lambdas
    Feature record: CXX_FEATURE:1cxx_inheriting_constructors
    Feature record: CXX_FEATURE:1cxx_inline_namespaces
    Feature record: CXX_FEATURE:1cxx_lambdas
    Feature record: CXX_FEATURE:0cxx_lambda_init_captures
    Feature record: CXX_FEATURE:1cxx_local_type_template_args
    Feature record: CXX_FEATURE:1cxx_long_long_type
    Feature record: CXX_FEATURE:1cxx_noexcept
    Feature record: CXX_FEATURE:1cxx_nonstatic_member_init
    Feature record: CXX_FEATURE:1cxx_nullptr
    Feature record: CXX_FEATURE:1cxx_override
    Feature record: CXX_FEATURE:1cxx_range_for
    Feature record: CXX_FEATURE:1cxx_raw_string_literals
    Feature record: CXX_FEATURE:1cxx_reference_qualified_functions
    Feature record: CXX_FEATURE:0cxx_relaxed_constexpr
    Feature record: CXX_FEATURE:0cxx_return_type_deduction
    Feature record: CXX_FEATURE:1cxx_right_angle_brackets
    Feature record: CXX_FEATURE:1cxx_rvalue_references
    Feature record: CXX_FEATURE:1cxx_sizeof_member
    Feature record: CXX_FEATURE:1cxx_static_assert
    Feature record: CXX_FEATURE:1cxx_strong_enums
    Feature record: CXX_FEATURE:1cxx_template_template_parameters
    Feature record: CXX_FEATURE:1cxx_thread_local
    Feature record: CXX_FEATURE:1cxx_trailing_return_types
    Feature record: CXX_FEATURE:1cxx_unicode_literals
    Feature record: CXX_FEATURE:1cxx_uniform_initialization
    Feature record: CXX_FEATURE:1cxx_unrestricted_unions
    Feature record: CXX_FEATURE:1cxx_user_literals
    Feature record: CXX_FEATURE:0cxx_variable_templates
    Feature record: CXX_FEATURE:1cxx_variadic_macros
    Feature record: CXX_FEATURE:1cxx_variadic_templates


Detecting CXX [-std=c++98] compiler features compiled with the following output:
Change Dir: /home/cs104/cs104/homework-submission/hw-wisnia/hw2/hw2-check/CMakeFiles/CMakeTmp

Run Build Command:"/usr/bin/make" "cmTC_08c2c/fast"
/usr/bin/make -f CMakeFiles/cmTC_08c2c.dir/build.make CMakeFiles/cmTC_08c2c.dir/build
make[1]: Entering directory '/home/cs104/cs104/homework-submission/hw-wisnia/hw2/hw2-check/CMakeFiles/CMakeTmp'
Building CXX object CMakeFiles/cmTC_08c2c.dir/feature_tests.cxx.o
/usr/bin/c++     -std=c++98 -o CMakeFiles/cmTC_08c2c.dir/feature_tests.cxx.o -c /home/cs104/cs104/homework-submission/hw-wisnia/hw2/hw2-check/CMakeFiles/feature_tests.cxx
Linking CXX executable cmTC_08c2c
/usr/bin/cmake -E cmake_link_script CMakeFiles/cmTC_08c2c.dir/link.txt --verbose=1
/usr/bin/c++        CMakeFiles/cmTC_08c2c.dir/feature_tests.cxx.o  -o cmTC_08c2c -rdynamic 
make[1]: Leaving directory '/home/cs104/cs104/homework-submission/hw-wisnia/hw2/hw2-check/CMakeFiles/CMakeTmp'


    Feature record: CXX_FEATURE:0cxx_aggregate_default_initializers
    Feature record: CXX_FEATURE:0cxx_alias_templates
    Feature record: CXX_FEATURE:0cxx_alignas
    Feature record: CXX_FEATURE:0cxx_alignof
    Feature record: CXX_FEATURE:0cxx_attributes
    Feature record: CXX_FEATURE:0cxx_attribute_deprecated
    Feature record: CXX_FEATURE:0cxx_auto_type
    Feature record: CXX_FEATURE:0cxx_binary_literals
    Feature record: CXX_FEATURE:0cxx_constexpr
    Feature record: CXX_FEATURE:0cxx_contextual_conversions
    Feature record: CXX_FEATURE:0cxx_decltype
    Feature record: CXX_FEATURE:0cxx_decltype_auto
    Feature record: CXX_FEATURE:0cxx_decltype_incomplete_return_types
    Feature record: CXX_FEATURE:0cxx_default_function_template_args
    Feature record: CXX_FEATURE:0cxx_defaulted_functions
    Feature record: CXX_FEATURE:0cxx_defaulted_move_initializers
    Feature record: CXX_FEATURE:0cxx_delegating_constructors
    Feature record: CXX_FEATURE:0cxx_deleted_functions
    Feature record: CXX_FEATURE:0cxx_digit_separators
    Feature record: CXX_FEATURE:0cxx_enum_forward_declarations
    Feature record: CXX_FEATURE:0cxx_explicit_conversions
    Feature record: CXX_FEATURE:0cxx_extended_friend_declarations
    Feature record: CXX_FEATURE:0cxx_extern_templates
    Feature record: CXX_FEATURE:0cxx_final
    Feature record: CXX_FEATURE:0cxx_func_identifier
    Feature record: CXX_FEATURE:0cxx_generalized_initializers
    Feature record: CXX_FEATURE:0cxx_generic_lambdas
    Feature record: CXX_FEATURE:0cxx_inheriting_constructors
    Feature record: CXX_FEATURE:0cxx_inline_namespaces
    Feature record: CXX_FEATURE:0cxx_lambdas
    Feature record: CXX_FEATURE:0cxx_lambda_init_captures
    Feature record: CXX_FEATURE:0cxx_local_type_template_args
    Feature record: CXX_FEATURE:0cxx_long_long_type
    Feature record: CXX_FEATURE:0cxx_noexcept
    Feature record: CXX_FEATURE:0cxx_nonstatic_member_init
    Feature record: CXX_FEATURE:0cxx_nullptr
    Feature record: CXX_FEATURE:0cxx_override
    Feature record: CXX_FEATURE:0cxx_range_for
    Feature record: CXX_FEATURE:0cxx_raw_string_literals
    Feature record: CXX_FEATURE:0cxx_reference_qualified_functions
    Feature record: CXX_FEATURE:0cxx_relaxed_constexpr
    Feature record: CXX_FEATURE:0cxx_return_type_deduction
    Feature record: CXX_FEATURE:0cxx_right_angle_brackets
    Feature record: CXX_FEATURE:0cxx_rvalue_references
    Feature record: CXX_FEATURE:0cxx_sizeof_member
    Feature record: CXX_FEATURE:0cxx_static_assert
    Feature record: CXX_FEATURE:0cxx_strong_enums
    Feature record: CXX_FEATURE:1cxx_template_template_parameters
    Feature record: CXX_FEATURE:0cxx_thread_local
    Feature record: CXX_FEATURE:0cxx_trailing_return_types
    Feature record: CXX_FEATURE:0cxx_unicode_literals
    Feature record: CXX_FEATURE:0cxx_uniform_initialization
    Feature record: CXX_FEATURE:0cxx_unrestricted_unions
    Feature record: CXX_FEATURE:0cxx_user_literals
    Feature record: CXX_FEATURE:0cxx_variable_templates
    Feature record: CXX_FEATURE:0cxx_variadic_macros
    Feature record: CXX_FEATURE:0cxx_variadic_templates
Determining if the include file pthread.h exists passed with the following output:
Change Dir: /home/cs104/cs104/homework-submission/hw-wisnia/hw2/hw2-check/CMakeFiles/CMakeTmp

Run Build Command:"/usr/bin/make" "cmTC_46744/fast"
/usr/bin/make -f CMakeFiles/cmTC_46744.dir/build.make CMakeFiles/cmTC_46744.dir/build
make[1]: Entering directory '/home/cs104/cs104/homework-submission/hw-wisnia/hw2/hw2-check/CMakeFiles/CMakeTmp'
Building C object CMakeFiles/cmTC_46744.dir/CheckIncludeFile.c.o
/usr/bin/cc     -o CMakeFiles/cmTC_46744.dir/CheckIncludeFile.c.o   -c /home/cs104/cs104/homework-submission/hw-wisnia/hw2/hw2-check/CMakeFiles/CMakeTmp/CheckIncludeFile.c
Linking C executable cmTC_46744
/usr/bin/cmake -E cmake_link_script CMakeFiles/cmTC_46744.dir/link.txt --verbose=1
/usr/bin/cc       CMakeFiles/cmTC_46744.dir/CheckIncludeFile.c.o  -o cmTC_46744 
make[1]: Leaving directory '/home/cs104/cs104/homework-submission/hw-wisnia/hw2/hw2-check/CMakeFiles/CMakeTmp'


Determining if the function pthread_create exists in the pthread passed with the following output:
Change Dir: /home/cs104/cs104/homework-submission/hw-wisnia/hw2/hw2-check/CMakeFiles/CMakeTmp

Run Build Command:"/usr/bin/make" "cmTC_f6876/fast"
/usr/bin/make -f CMakeFiles/cmTC_f6876.dir/build.make CMakeFiles/cmTC_f6876.dir/build
make[1]: Entering directory '/home/cs104/cs104/homework-submission/hw-wisnia/hw2/hw2-check/CMakeFiles/CMakeTmp'
Building C object CMakeFiles/cmTC_f6876.dir/CheckFunctionExists.c.o
/usr/bin/cc    -DCHECK_FUNCTION_EXISTS=pthread_create   -o CMakeFiles/cmTC_f6876.dir/CheckFunctionExists.c.o   -c /usr/share/cmake-3.5/Modules/CheckFunctionExists.c
Linking C executable cmTC_f6876
/usr/bin/cmake -E cmake_link_script CMakeFiles/cmTC_f6876.dir/link.txt --verbose=1
/usr/bin/cc   -DCHECK_FUNCTION_EXISTS=pthread_create    CMakeFiles/cmTC_f6876.dir/CheckFunctionExists.c.o  -o cmTC_f6876 -lpthread 
make[1]: Leaving directory '/home/cs104/cs104/homework-submission/hw-wisnia/hw2/hw2-check/CMakeFiles/CMakeTmp'


Checking whether header cstdio is available compiled with the following output:
Change Dir: /home/cs104/cs104/homework-submission/hw-wisnia/hw2/hw2-check/testing_utils/kwsys/CMakeFiles/CMakeTmp

Run Build Command:"/usr/bin/make" "cmTC_c5234/fast"
/usr/bin/make -f CMakeFiles/cmTC_c5234.dir/build.make CMakeFiles/cmTC_c5234.dir/build
make[1]: Entering directory '/home/cs104/cs104/homework-submission/hw-wisnia/hw2/hw2-check/testing_utils/kwsys/CMakeFiles/CMakeTmp'
Building CXX object CMakeFiles/cmTC_c5234.dir/kwsysPlatformTestsCXX.cxx.o
/usr/bin/c++   -DTEST_KWSYS_CXX_HAS_CSTDIO  -Wall    -o CMakeFiles/cmTC_c5234.dir/kwsysPlatformTestsCXX.cxx.o -c /home/cs104/cs104/homework-submission/hw-wisnia/hw2/hw2-check/testing_utils/kwsys/kwsysPlatformTestsCXX.cxx
Linking CXX executable cmTC_c5234
/usr/bin/cmake -E cmake_link_script CMakeFiles/cmTC_c5234.dir/link.txt --verbose=1
/usr/bin/c++    -Wall     CMakeFiles/cmTC_c5234.dir/kwsysPlatformTestsCXX.cxx.o  -o cmTC_c5234 -rdynamic 
make[1]: Leaving directory '/home/cs104/cs104/homework-submission/hw-wisnia/hw2/hw2-check/testing_utils/kwsys/CMakeFiles/CMakeTmp'


Checking for Large File Support compiled and ran with the following output:
Change Dir: /home/cs104/cs104/homework-submission/hw-wisnia/hw2/hw2-check/testing_utils/kwsys/CMakeFiles/CMakeTmp

Run Build Command:"/usr/bin/make" "cmTC_f54b3/fast"
/usr/bin/make -f CMakeFiles/cmTC_f54b3.dir/build.make CMakeFiles/cmTC_f54b3.dir/build
make[1]: Entering directory '/home/cs104/cs104/homework-submission/hw-wisnia/hw2/hw2-check/testing_utils/kwsys/CMakeFiles/CMakeTmp'
Building CXX object CMakeFiles/cmTC_f54b3.dir/kwsysPlatformTestsCXX.cxx.o
/usr/bin/c++   -DKWSYS_CXX_HAS_CSTDIO=1 -DTEST_KWSYS_LFS_WORKS  -Wall    -o CMakeFiles/cmTC_f54b3.dir/kwsysPlatformTestsCXX.cxx.o -c /home/cs104/cs104/homework-submission/hw-wisnia/hw2/hw2-check/testing_utils/kwsys/kwsysPlatformTestsCXX.cxx
Linking CXX executable cmTC_f54b3
/usr/bin/cmake -E cmake_link_script CMakeFiles/cmTC_f54b3.dir/link.txt --verbose=1
/usr/bin/c++    -Wall     CMakeFiles/cmTC_f54b3.dir/kwsysPlatformTestsCXX.cxx.o  -o cmTC_f54b3 -rdynamic 
make[1]: Leaving directory '/home/cs104/cs104/homework-submission/hw-wisnia/hw2/hw2-check/testing_utils/kwsys/CMakeFiles/CMakeTmp'


Checking whether C++ compiler has 'long long' compiled with the following output:
Change Dir: /home/cs104/cs104/homework-submission/hw-wisnia/hw2/hw2-check/testing_utils/kwsys/CMakeFiles/CMakeTmp

Run Build Command:"/usr/bin/make" "cmTC_e9ffd/fast"
/usr/bin/make -f CMakeFiles/cmTC_e9ffd.dir/build.make CMakeFiles/cmTC_e9ffd.dir/build
make[1]: Entering directory '/home/cs104/cs104/homework-submission/hw-wisnia/hw2/hw2-check/testing_utils/kwsys/CMakeFiles/CMakeTmp'
Building CXX object CMakeFiles/cmTC_e9ffd.dir/kwsysPlatformTestsCXX.cxx.o
/usr/bin/c++   -DTEST_KWSYS_CXX_HAS_LONG_LONG  -Wall    -o CMakeFiles/cmTC_e9ffd.dir/kwsysPlatformTestsCXX.cxx.o -c /home/cs104/cs104/homework-submission/hw-wisnia/hw2/hw2-check/testing_utils/kwsys/kwsysPlatformTestsCXX.cxx
Linking CXX executable cmTC_e9ffd
/usr/bin/cmake -E cmake_link_script CMakeFiles/cmTC_e9ffd.dir/link.txt --verbose=1
/usr/bin/c++    -Wall     CMakeFiles/cmTC_e9ffd.dir/kwsysPlatformTestsCXX.cxx.o  -o cmTC_e9ffd -rdynamic 
make[1]: Leaving directory '/home/cs104/cs104/homework-submission/hw-wisnia/hw2/hw2-check/testing_utils/kwsys/CMakeFiles/CMakeTmp'


Checking whether wstring is available compiled with the following output:
Change Dir: /home/cs104/cs104/homework-submission/hw-wisnia/hw2/hw2-check/testing_utils/kwsys/CMakeFiles/CMakeTmp

Run Build Command:"/usr/bin/make" "cmTC_eb9f2/fast"
/usr/bin/make -f CMakeFiles/cmTC_eb9f2.dir/build.make CMakeFiles/cmTC_eb9f2.dir/build
make[1]: Entering directory '/home/cs104/cs104/homework-submission/hw-wisnia/hw2/hw2-check/testing_utils/kwsys/CMakeFiles/CMakeTmp'
Building CXX object CMakeFiles/cmTC_eb9f2.dir/kwsysPlatformTestsCXX.cxx.o
/usr/bin/c++   -DTEST_KWSYS_STL_HAS_WSTRING  -Wall    -o CMakeFiles/cmTC_eb9f2.dir/kwsysPlatformTestsCXX.cxx.o -c /home/cs104/cs104/homework-submission/hw-wisnia/hw2/hw2-check/testing_utils/kwsys/kwsysPlatformTestsCXX.cxx
Linking CXX executable cmTC_eb9f2
/usr/bin/cmake -E cmake_link_script CMakeFiles/cmTC_eb9f2.dir/link.txt --verbose=1
/usr/bin/c++    -Wall     CMakeFiles/cmTC_eb9f2.dir/kwsysPlatformTestsCXX.cxx.o  -o cmTC_eb9f2 -rdynamic 
make[1]: Leaving directory '/home/cs104/cs104/homework-submission/hw-wisnia/hw2/hw2-check/testing_utils/kwsys/CMakeFiles/CMakeTmp'


Checking whether C compiler has ptrdiff_t in stddef.h compiled with the following output:
Change Dir: /home/cs104/cs104/homework-submission/hw-wisnia/hw2/hw2-check/testing_utils/kwsys/CMakeFiles/CMakeTmp

Run Build Command:"/usr/bin/make" "cmTC_367b9/fast"
/usr/bin/make -f CMakeFiles/cmTC_367b9.dir/build.make CMakeFiles/cmTC_367b9.dir/build
make[1]: Entering directory '/home/cs104/cs104/homework-submission/hw-wisnia/hw2/hw2-check/testing_utils/kwsys/CMakeFiles/CMakeTmp'
Building C object CMakeFiles/cmTC_367b9.dir/kwsysPlatformTestsC.c.o
/usr/bin/cc  -DTEST_KWSYS_C_HAS_PTRDIFF_T   -o CMakeFiles/cmTC_367b9.dir/kwsysPlatformTestsC.c.o   -c /home/cs104/cs104/homework-submission/hw-wisnia/hw2/hw2-check/testing_utils/kwsys/kwsysPlatformTestsC.c
Linking C executable cmTC_367b9
/usr/bin/cmake -E cmake_link_script CMakeFiles/cmTC_367b9.dir/link.txt --verbose=1
/usr/bin/cc       CMakeFiles/cmTC_367b9.dir/kwsysPlatformTestsC.c.o  -o cmTC_367b9 -rdynamic 
make[1]: Leaving directory '/home/cs104/cs104/homework-submission/hw-wisnia/hw2/hw2-check/testing_utils/kwsys/CMakeFiles/CMakeTmp'


Checking whether C compiler has ssize_t in unistd.h compiled with the following output:
Change Dir: /home/cs104/cs104/homework-submission/hw-wisnia/hw2/hw2-check/testing_utils/kwsys/CMakeFiles/CMakeTmp

Run Build Command:"/usr/bin/make" "cmTC_0663a/fast"
/usr/bin/make -f CMakeFiles/cmTC_0663a.dir/build.make CMakeFiles/cmTC_0663a.dir/build
make[1]: Entering directory '/home/cs104/cs104/homework-submission/hw-wisnia/hw2/hw2-check/testing_utils/kwsys/CMakeFiles/CMakeTmp'
Building C object CMakeFiles/cmTC_0663a.dir/kwsysPlatformTestsC.c.o
/usr/bin/cc  -DTEST_KWSYS_C_HAS_SSIZE_T   -o CMakeFiles/cmTC_0663a.dir/kwsysPlatformTestsC.c.o   -c /home/cs104/cs104/homework-submission/hw-wisnia/hw2/hw2-check/testing_utils/kwsys/kwsysPlatformTestsC.c
Linking C executable cmTC_0663a
/usr/bin/cmake -E cmake_link_script CMakeFiles/cmTC_0663a.dir/link.txt --verbose=1
/usr/bin/cc       CMakeFiles/cmTC_0663a.dir/kwsysPlatformTestsC.c.o  -o cmTC_0663a -rdynamic 
make[1]: Leaving directory '/home/cs104/cs104/homework-submission/hw-wisnia/hw2/hw2-check/testing_utils/kwsys/CMakeFiles/CMakeTmp'


Checking whether C compiler has clock_gettime compiled with the following output:
Change Dir: /home/cs104/cs104/homework-submission/hw-wisnia/hw2/hw2-check/testing_utils/kwsys/CMakeFiles/CMakeTmp

Run Build Command:"/usr/bin/make" "cmTC_63e9c/fast"
/usr/bin/make -f CMakeFiles/cmTC_63e9c.dir/build.make CMakeFiles/cmTC_63e9c.dir/build
make[1]: Entering directory '/home/cs104/cs104/homework-submission/hw-wisnia/hw2/hw2-check/testing_utils/kwsys/CMakeFiles/CMakeTmp'
Building C object CMakeFiles/cmTC_63e9c.dir/kwsysPlatformTestsC.c.o
/usr/bin/cc  -DTEST_KWSYS_C_HAS_CLOCK_GETTIME_MONOTONIC   -o CMakeFiles/cmTC_63e9c.dir/kwsysPlatformTestsC.c.o   -c /home/cs104/cs104/homework-submission/hw-wisnia/hw2/hw2-check/testing_utils/kwsys/kwsysPlatformTestsC.c
Linking C executable cmTC_63e9c
/usr/bin/cmake -E cmake_link_script CMakeFiles/cmTC_63e9c.dir/link.txt --verbose=1
/usr/bin/cc       CMakeFiles/cmTC_63e9c.dir/kwsysPlatformTestsC.c.o  -o cmTC_63e9c -rdynamic 
make[1]: Leaving directory '/home/cs104/cs104/homework-submission/hw-wisnia/hw2/hw2-check/testing_utils/kwsys/CMakeFiles/CMakeTmp'


Checking whether CXX compiler has setenv compiled with the following output:
Change Dir: /home/cs104/cs104/homework-submission/hw-wisnia/hw2/hw2-check/testing_utils/kwsys/CMakeFiles/CMakeTmp

Run Build Command:"/usr/bin/make" "cmTC_632d8/fast"
/usr/bin/make -f CMakeFiles/cmTC_632d8.dir/build.make CMakeFiles/cmTC_632d8.dir/build
make[1]: Entering directory '/home/cs104/cs104/homework-submission/hw-wisnia/hw2/hw2-check/testing_utils/kwsys/CMakeFiles/CMakeTmp'
Building CXX object CMakeFiles/cmTC_632d8.dir/kwsysPlatformTestsCXX.cxx.o
/usr/bin/c++   -DTEST_KWSYS_CXX_HAS_SETENV  -Wall    -o CMakeFiles/cmTC_632d8.dir/kwsysPlatformTestsCXX.cxx.o -c /home/cs104/cs104/homework-submission/hw-wisnia/hw2/hw2-check/testing_utils/kwsys/kwsysPlatformTestsCXX.cxx
Linking CXX executable cmTC_632d8
/usr/bin/cmake -E cmake_link_script CMakeFiles/cmTC_632d8.dir/link.txt --verbose=1
/usr/bin/c++    -Wall     CMakeFiles/cmTC_632d8.dir/kwsysPlatformTestsCXX.cxx.o  -o cmTC_632d8 -rdynamic 
make[1]: Leaving directory '/home/cs104/cs104/homework-submission/hw-wisnia/hw2/hw2-check/testing_utils/kwsys/CMakeFiles/CMakeTmp'


Checking whether CXX compiler has unsetenv compiled with the following output:
Change Dir: /home/cs104/cs104/homework-submission/hw-wisnia/hw2/hw2-check/testing_utils/kwsys/CMakeFiles/CMakeTmp

Run Build Command:"/usr/bin/make" "cmTC_67f5b/fast"
/usr/bin/make -f CMakeFiles/cmTC_67f5b.dir/build.make CMakeFiles/cmTC_67f5b.dir/build
make[1]: Entering directory '/home/cs104/cs104/homework-submission/hw-wisnia/hw2/hw2-check/testing_utils/kwsys/CMakeFiles/CMakeTmp'
Building CXX object CMakeFiles/cmTC_67f5b.dir/kwsysPlatformTestsCXX.cxx.o
/usr/bin/c++   -DTEST_KWSYS_CXX_HAS_UNSETENV  -Wall    -o CMakeFiles/cmTC_67f5b.dir/kwsysPlatformTestsCXX.cxx.o -c /home/cs104/cs104/homework-submission/hw-wisnia/hw2/hw2-check/testing_utils/kwsys/kwsysPlatformTestsCXX.cxx
Linking CXX executable cmTC_67f5b
/usr/bin/cmake -E cmake_link_script CMakeFiles/cmTC_67f5b.dir/link.txt --verbose=1
/usr/bin/c++    -Wall     CMakeFiles/cmTC_67f5b.dir/kwsysPlatformTestsCXX.cxx.o  -o cmTC_67f5b -rdynamic 
make[1]: Leaving directory '/home/cs104/cs104/homework-submission/hw-wisnia/hw2/hw2-check/testing_utils/kwsys/CMakeFiles/CMakeTmp'


Checking whether CXX compiler has utimes compiled with the following output:
Change Dir: /home/cs104/cs104/homework-submission/hw-wisnia/hw2/hw2-check/testing_utils/kwsys/CMakeFiles/CMakeTmp

Run Build Command:"/usr/bin/make" "cmTC_466ba/fast"
/usr/bin/make -f CMakeFiles/cmTC_466ba.dir/build.make CMakeFiles/cmTC_466ba.dir/build
make[1]: Entering directory '/home/cs104/cs104/homework-submission/hw-wisnia/hw2/hw2-check/testing_utils/kwsys/CMakeFiles/CMakeTmp'
Building CXX object CMakeFiles/cmTC_466ba.dir/kwsysPlatformTestsCXX.cxx.o
/usr/bin/c++   -DTEST_KWSYS_CXX_HAS_UTIMES  -Wall    -o CMakeFiles/cmTC_466ba.dir/kwsysPlatformTestsCXX.cxx.o -c /home/cs104/cs104/homework-submission/hw-wisnia/hw2/hw2-check/testing_utils/kwsys/kwsysPlatformTestsCXX.cxx
Linking CXX executable cmTC_466ba
/usr/bin/cmake -E cmake_link_script CMakeFiles/cmTC_466ba.dir/link.txt --verbose=1
/usr/bin/c++    -Wall     CMakeFiles/cmTC_466ba.dir/kwsysPlatformTestsCXX.cxx.o  -o cmTC_466ba -rdynamic 
make[1]: Leaving directory '/home/cs104/cs104/homework-submission/hw-wisnia/hw2/hw2-check/testing_utils/kwsys/CMakeFiles/CMakeTmp'


Checking whether CXX compiler has utimensat compiled with the following output:
Change Dir: /home/cs104/cs104/homework-submission/hw-wisnia/hw2/hw2-check/testing_utils/kwsys/CMakeFiles/CMakeTmp

Run Build Command:"/usr/bin/make" "cmTC_e3676/fast"
/usr/bin/make -f CMakeFiles/cmTC_e3676.dir/build.make CMakeFiles/cmTC_e3676.dir/build
make[1]: Entering directory '/home/cs104/cs104/homework-submission/hw-wisnia/hw2/hw2-check/testing_utils/kwsys/CMakeFiles/CMakeTmp'
Building CXX object CMakeFiles/cmTC_e3676.dir/kwsysPlatformTestsCXX.cxx.o
/usr/bin/c++   -DTEST_KWSYS_CXX_HAS_UTIMENSAT  -Wall    -o CMakeFiles/cmTC_e3676.dir/kwsysPlatformTestsCXX.cxx.o -c /home/cs104/cs104/homework-submission/hw-wisnia/hw2/hw2-check/testing_utils/kwsys/kwsysPlatformTestsCXX.cxx
Linking CXX executable cmTC_e3676
/usr/bin/cmake -E cmake_link_script CMakeFiles/cmTC_e3676.dir/link.txt --verbose=1
/usr/bin/c++    -Wall     CMakeFiles/cmTC_e3676.dir/kwsysPlatformTestsCXX.cxx.o  -o cmTC_e3676 -rdynamic 
make[1]: Leaving directory '/home/cs104/cs104/homework-submission/hw-wisnia/hw2/hw2-check/testing_utils/kwsys/CMakeFiles/CMakeTmp'


Checking whether CXX compiler struct stat has st_mtim member compiled with the following output:
Change Dir: /home/cs104/cs104/homework-submission/hw-wisnia/hw2/hw2-check/testing_utils/kwsys/CMakeFiles/CMakeTmp

Run Build Command:"/usr/bin/make" "cmTC_c4401/fast"
/usr/bin/make -f CMakeFiles/cmTC_c4401.dir/build.make CMakeFiles/cmTC_c4401.dir/build
make[1]: Entering directory '/home/cs104/cs104/homework-submission/hw-wisnia/hw2/hw2-check/testing_utils/kwsys/CMakeFiles/CMakeTmp'
Building CXX object CMakeFiles/cmTC_c4401.dir/kwsysPlatformTestsCXX.cxx.o
/usr/bin/c++   -DTEST_KWSYS_CXX_STAT_HAS_ST_MTIM  -Wall    -o CMakeFiles/cmTC_c4401.dir/kwsysPlatformTestsCXX.cxx.o -c /home/cs104/cs104/homework-submission/hw-wisnia/hw2/hw2-check/testing_utils/kwsys/kwsysPlatformTestsCXX.cxx
Linking CXX executable cmTC_c4401
/usr/bin/cmake -E cmake_link_script CMakeFiles/cmTC_c4401.dir/link.txt --verbose=1
/usr/bin/c++    -Wall     CMakeFiles/cmTC_c4401.dir/kwsysPlatformTestsCXX.cxx.o  -o cmTC_c4401 -rdynamic 
make[1]: Leaving directory '/home/cs104/cs104/homework-submission/hw-wisnia/hw2/hw2-check/testing_utils/kwsys/CMakeFiles/CMakeTmp'


Checking whether <ext/stdio_filebuf.h> is available compiled with the following output:
Change Dir: /home/cs104/cs104/homework-submission/hw-wisnia/hw2/hw2-check/testing_utils/kwsys/CMakeFiles/CMakeTmp

Run Build Command:"/usr/bin/make" "cmTC_bd478/fast"
/usr/bin/make -f CMakeFiles/cmTC_bd478.dir/build.make CMakeFiles/cmTC_bd478.dir/build
make[1]: Entering directory '/home/cs104/cs104/homework-submission/hw-wisnia/hw2/hw2-check/testing_utils/kwsys/CMakeFiles/CMakeTmp'
Building CXX object CMakeFiles/cmTC_bd478.dir/kwsysPlatformTestsCXX.cxx.o
/usr/bin/c++   -DTEST_KWSYS_CXX_HAS_EXT_STDIO_FILEBUF_H  -Wall    -o CMakeFiles/cmTC_bd478.dir/kwsysPlatformTestsCXX.cxx.o -c /home/cs104/cs104/homework-submission/hw-wisnia/hw2/hw2-check/testing_utils/kwsys/kwsysPlatformTestsCXX.cxx
Linking CXX executable cmTC_bd478
/usr/bin/cmake -E cmake_link_script CMakeFiles/cmTC_bd478.dir/link.txt --verbose=1
/usr/bin/c++    -Wall     CMakeFiles/cmTC_bd478.dir/kwsysPlatformTestsCXX.cxx.o  -o cmTC_bd478 -rdynamic 
make[1]: Leaving directory '/home/cs104/cs104/homework-submission/hw-wisnia/hw2/hw2-check/testing_utils/kwsys/CMakeFiles/CMakeTmp'


